SF:lib\src\system\database.dart
DA:6,13
DA:8,0
DA:9,0
DA:17,0
DA:18,0
DA:19,0
DA:26,0
DA:29,0
DA:30,0
DA:32,0
DA:36,0
DA:39,0
DA:40,0
DA:42,0
DA:45,0
DA:46,0
DA:47,0
DA:51,0
DA:54,0
DA:56,0
DA:59,0
DA:62,0
DA:63,0
DA:64,0
DA:68,0
DA:76,0
DA:77,0
DA:78,0
DA:81,0
DA:84,0
DA:86,0
DA:88,0
DA:89,0
DA:90,0
DA:93,0
DA:99,0
DA:105,0
DA:112,0
DA:113,0
DA:114,0
DA:117,0
DA:120,0
DA:122,0
DA:123,0
DA:129,0
DA:132,0
DA:136,0
DA:143,0
DA:144,0
DA:145,0
DA:147,0
DA:149,0
DA:150,0
DA:151,0
DA:152,0
DA:155,0
DA:160,0
DA:163,0
DA:167,0
DA:174,0
DA:175,0
DA:177,0
DA:178,0
DA:180,0
DA:181,0
DA:183,0
DA:184,0
LF:67
LH:1
end_of_record
SF:lib\src\pages\login\sign_in_page.dart
DA:18,12
DA:21,7
DA:22,7
DA:37,5
DA:38,5
DA:39,35
DA:40,30
DA:43,15
DA:45,5
DA:46,6
DA:51,4
DA:52,16
DA:53,8
DA:54,8
DA:55,12
DA:57,4
DA:58,32
DA:59,12
DA:67,6
DA:69,24
DA:70,9
DA:73,24
DA:74,6
DA:79,24
DA:80,6
DA:85,30
DA:86,6
DA:89,5
DA:90,5
DA:94,2
DA:95,8
DA:98,8
DA:101,2
DA:103,3
DA:106,2
DA:108,2
DA:109,8
DA:110,10
DA:111,2
DA:112,2
DA:116,4
DA:117,7
DA:118,1
DA:119,0
DA:120,0
DA:121,0
DA:122,0
DA:123,0
DA:126,0
DA:127,0
DA:131,2
DA:132,2
DA:136,2
DA:137,2
DA:142,2
DA:144,4
DA:145,2
DA:151,2
DA:152,2
DA:153,2
DA:159,0
DA:160,0
DA:162,0
DA:164,0
DA:166,0
DA:169,0
DA:171,0
DA:172,0
DA:173,0
DA:174,0
DA:175,0
DA:176,0
DA:179,0
DA:180,0
DA:181,0
DA:185,0
DA:186,0
DA:187,0
DA:192,0
DA:195,0
DA:201,0
DA:202,0
DA:203,0
DA:210,3
DA:211,3
DA:212,3
DA:213,3
DA:218,1
DA:219,1
DA:220,3
DA:221,2
DA:224,6
DA:226,6
DA:227,6
DA:229,7
DA:230,28
DA:231,7
DA:232,3
DA:233,3
DA:235,3
DA:238,3
DA:240,2
DA:241,1
DA:244,5
DA:245,5
DA:246,3
DA:247,3
DA:248,2
DA:249,2
DA:253,6
DA:261,18
DA:263,18
DA:268,12
DA:269,12
DA:272,37
DA:273,16
DA:274,6
DA:277,10
DA:281,18
DA:282,12
DA:283,6
DA:288,24
DA:289,18
DA:291,28
DA:293,12
DA:294,2
DA:295,1
DA:296,2
DA:297,1
DA:298,7
DA:303,5
DA:304,5
DA:305,5
DA:306,10
LF:134
LH:104
end_of_record
SF:lib\src\system\save_manager.dart
DA:5,24
DA:8,8
DA:9,8
DA:10,24
DA:14,2
DA:15,6
DA:16,4
DA:19,8
DA:20,22
DA:21,16
DA:23,0
DA:28,2
DA:29,4
DA:30,4
DA:32,2
DA:33,4
DA:35,2
DA:37,4
LF:18
LH:17
end_of_record
SF:lib\auth.config.dart
DA:1,3
LF:1
LH:1
end_of_record
SF:lib\main.dart
DA:6,0
DA:7,0
DA:10,5
DA:11,5
DA:15,19
DA:18,5
DA:20,10
DA:21,10
DA:22,5
DA:24,10
LF:10
LH:8
end_of_record
SF:lib\src\system\route_generator.dart
DA:15,4
DA:16,4
DA:17,4
DA:18,0
DA:19,4
DA:20,8
DA:21,3
DA:22,4
DA:23,2
DA:24,4
DA:25,1
DA:26,2
DA:28,0
DA:32,3
DA:33,6
DA:43,3
DA:45,11
DA:46,2
DA:58,0
DA:59,0
LF:20
LH:16
end_of_record
SF:lib\src\pages\login\login_page.dart
DA:9,29
DA:12,5
DA:13,5
DA:21,5
DA:23,5
DA:24,10
DA:27,5
DA:29,10
DA:30,5
DA:33,5
DA:35,5
DA:36,5
DA:37,10
DA:38,5
DA:39,10
DA:40,10
DA:42,45
LF:17
LH:17
end_of_record
SF:lib\src\pages\create_session\create_session_page.dart
DA:22,19
DA:25,20
DA:27,3
DA:28,3
DA:43,3
DA:44,6
DA:45,12
DA:46,12
DA:47,6
DA:48,6
DA:49,15
DA:50,9
DA:51,9
DA:52,3
DA:55,3
DA:56,9
DA:57,6
DA:58,3
DA:61,1
DA:62,2
DA:63,2
DA:64,2
DA:67,5
DA:69,3
DA:70,4
DA:72,2
DA:76,1
DA:77,1
DA:80,2
DA:83,3
DA:89,1
DA:90,3
DA:91,2
DA:92,2
DA:93,3
DA:96,3
DA:97,0
DA:99,2
DA:100,7
DA:101,3
DA:103,1
DA:104,2
DA:105,0
DA:106,0
DA:111,1
DA:112,1
DA:113,1
DA:115,3
DA:117,0
DA:121,1
DA:122,2
DA:124,0
DA:127,4
DA:129,0
DA:131,4
DA:132,1
DA:134,0
DA:136,2
DA:137,2
DA:139,0
DA:140,0
DA:141,0
DA:146,3
DA:148,3
DA:149,3
DA:152,3
DA:154,3
DA:156,3
DA:158,3
DA:159,3
DA:161,6
DA:162,3
DA:165,3
LF:73
LH:63
end_of_record
SF:lib\src\pages\create_session\create_session_ui_helper.dart
DA:6,1
DA:7,4
DA:8,2
DA:9,2
DA:12,1
DA:13,4
DA:14,2
DA:17,1
DA:18,3
DA:19,2
DA:22,1
DA:23,5
DA:25,2
DA:27,2
DA:29,2
DA:30,2
DA:33,1
DA:34,3
DA:35,0
DA:37,1
DA:38,0
DA:39,0
DA:43,1
DA:44,3
DA:45,0
DA:48,1
DA:49,0
DA:50,0
DA:54,2
DA:55,2
DA:56,2
DA:61,3
DA:62,3
DA:63,9
DA:64,3
DA:66,9
DA:68,3
DA:71,3
DA:72,3
DA:73,12
DA:74,3
DA:75,3
DA:76,12
DA:79,3
DA:80,12
DA:81,3
DA:82,9
DA:83,6
DA:87,6
DA:89,3
DA:90,6
DA:91,3
DA:93,9
DA:94,3
DA:95,6
DA:98,4
DA:99,2
DA:100,6
DA:103,6
DA:104,0
DA:107,6
DA:122,3
DA:123,3
DA:124,3
DA:125,3
DA:128,3
DA:129,3
DA:132,3
DA:133,3
DA:135,3
DA:136,3
DA:137,3
DA:139,3
DA:141,3
DA:147,3
DA:150,3
DA:155,3
DA:162,3
DA:163,3
DA:165,3
DA:171,3
DA:174,3
LF:82
LH:75
end_of_record
SF:lib\src\system\group_manager\group_manager.dart
DA:15,33
DA:20,8
DA:23,32
DA:25,18
DA:26,4
DA:28,16
DA:31,11
DA:33,9
DA:42,1
DA:43,1
DA:44,1
DA:51,4
DA:53,1
DA:58,2
DA:59,2
DA:61,2
DA:62,0
DA:64,0
DA:72,1
DA:73,1
DA:77,4
DA:79,1
DA:80,1
DA:81,2
DA:82,3
DA:92,4
DA:93,8
DA:94,12
DA:96,12
DA:100,1
DA:102,1
DA:103,0
DA:105,3
DA:106,3
DA:107,2
DA:110,3
DA:114,3
DA:115,6
DA:118,6
DA:122,2
DA:123,4
DA:125,0
DA:127,0
DA:135,7
DA:137,15
DA:138,1
DA:139,2
DA:145,2
DA:146,2
DA:147,6
LF:50
LH:45
end_of_record
SF:lib\src\system\session_manager\activity.dart
DA:4,18
DA:19,21
DA:30,6
DA:31,36
LF:4
LH:4
end_of_record
SF:lib\src\system\session_manager\session_entry.dart
DA:27,3
DA:40,4
DA:41,12
DA:42,12
DA:43,8
DA:44,12
DA:45,12
DA:46,12
DA:48,8
DA:49,12
DA:50,12
DA:51,4
DA:63,1
DA:64,4
DA:65,1
DA:68,1
DA:69,2
DA:71,4
DA:72,4
DA:73,3
DA:74,1
DA:75,2
DA:78,1
DA:79,3
DA:82,6
DA:84,4
DA:85,20
DA:88,2
DA:93,8
DA:94,6
DA:95,2
DA:97,4
DA:99,8
DA:100,0
DA:105,4
DA:106,8
DA:109,4
DA:110,8
DA:111,4
DA:113,8
DA:114,8
DA:115,0
DA:117,1
DA:118,3
DA:119,3
DA:122,1
DA:124,5
DA:126,6
DA:131,36
DA:137,36
DA:140,12
LF:51
LH:49
end_of_record
SF:lib\src\system\user.dart
DA:11,7
DA:12,7
DA:13,7
DA:14,7
DA:15,7
DA:17,14
DA:18,14
DA:19,14
DA:20,14
DA:24,2
LF:10
LH:10
end_of_record
SF:lib\src\widgets\button_factory.dart
DA:10,3
DA:11,3
DA:12,3
DA:13,6
DA:15,3
DA:16,3
DA:17,3
DA:19,2
DA:23,0
DA:24,0
DA:26,0
DA:28,6
DA:29,6
DA:31,6
DA:32,2
DA:34,1
DA:35,1
DA:37,0
DA:38,0
DA:43,3
DA:44,3
DA:46,0
DA:47,0
DA:53,4
DA:56,4
DA:57,4
DA:58,0
DA:60,0
DA:62,0
DA:65,4
DA:66,5
DA:67,4
LF:32
LH:22
end_of_record
SF:lib\src\widgets\checkbox_factory.dart
DA:6,8
DA:8,8
DA:11,16
DA:15,2
DA:16,2
DA:20,8
DA:21,8
LF:7
LH:7
end_of_record
SF:lib\src\widgets\dialog_factory.dart
DA:9,3
DA:12,3
DA:13,6
DA:14,3
DA:17,3
DA:18,6
DA:21,3
DA:22,3
DA:26,3
DA:29,1
DA:42,1
DA:43,2
DA:44,1
DA:47,1
DA:48,2
DA:51,1
DA:52,1
DA:53,1
DA:57,1
DA:61,0
DA:67,0
DA:68,0
DA:69,0
DA:72,0
DA:76,0
DA:77,0
DA:78,0
DA:82,0
DA:86,2
DA:89,2
DA:90,0
DA:91,0
DA:103,4
DA:104,4
DA:106,4
DA:109,0
DA:110,0
DA:112,0
LF:38
LH:24
end_of_record
SF:lib\src\widgets\dropdown_factory.dart
DA:8,4
DA:11,4
DA:12,12
DA:13,4
DA:15,12
DA:17,4
DA:20,4
DA:26,8
DA:27,4
DA:29,4
DA:31,0
DA:32,0
DA:39,3
DA:43,3
DA:49,6
DA:50,3
DA:52,3
DA:54,0
DA:55,0
LF:19
LH:15
end_of_record
SF:lib\src\system\session_manager\location.dart
DA:8,18
DA:9,7
DA:13,6
DA:14,18
DA:19,21
DA:20,14
DA:21,14
DA:22,14
DA:23,14
DA:24,14
DA:25,14
DA:26,14
DA:27,14
DA:28,14
DA:29,14
DA:30,14
DA:31,14
DA:32,14
DA:33,14
DA:34,14
DA:35,14
DA:36,14
DA:37,14
DA:42,4
DA:44,4
DA:49,6
DA:50,36
DA:52,4
DA:53,8
DA:54,8
LF:30
LH:30
end_of_record
SF:lib\src\system\session_manager\session_manager.dart
DA:17,24
DA:24,9
DA:25,9
DA:26,9
DA:28,36
DA:29,9
DA:30,9
DA:31,22
DA:32,8
DA:33,8
DA:36,9
DA:37,9
DA:38,18
DA:41,1
DA:42,1
DA:43,4
DA:44,1
DA:47,9
DA:48,13
DA:49,12
DA:53,9
DA:54,18
DA:55,18
DA:58,4
DA:59,8
DA:60,8
DA:63,2
DA:64,1
DA:67,2
DA:68,2
DA:74,2
DA:80,2
DA:83,4
DA:84,4
DA:86,2
DA:91,1
DA:93,5
DA:94,2
DA:98,2
DA:104,2
DA:105,2
DA:106,2
DA:107,2
DA:108,4
DA:109,4
DA:110,4
DA:112,4
DA:113,6
DA:114,6
DA:115,2
DA:119,8
DA:121,2
DA:126,2
DA:127,4
DA:130,1
DA:133,1
DA:134,3
DA:136,1
DA:137,1
DA:140,2
DA:141,2
DA:143,1
DA:144,3
DA:148,0
DA:150,0
DA:151,0
DA:152,0
DA:156,4
DA:158,6
DA:159,10
DA:166,2
DA:167,4
DA:168,6
DA:169,2
DA:173,9
DA:174,34
DA:177,4
DA:178,8
DA:181,2
DA:182,4
DA:183,2
DA:184,4
DA:185,4
DA:186,2
DA:193,1
DA:194,3
DA:196,3
DA:197,5
DA:198,2
DA:203,1
LF:90
LH:86
end_of_record
SF:lib\src\system\session_manager\session_manager_ui_helper.dart
DA:4,1
DA:7,3
DA:8,3
DA:9,2
DA:10,3
DA:11,2
DA:12,2
DA:13,2
DA:15,2
DA:23,1
DA:24,1
DA:25,1
DA:29,1
DA:30,2
DA:32,0
DA:34,0
DA:38,1
DA:40,1
DA:41,0
DA:43,0
DA:47,1
DA:50,1
DA:56,0
DA:58,0
DA:59,0
LF:25
LH:18
end_of_record
SF:lib\src\system\session_manager\session_manager_scheduler.dart
DA:7,4
DA:9,4
DA:10,8
DA:11,8
DA:12,4
DA:14,5
DA:15,7
DA:16,3
DA:17,1
DA:18,3
DA:19,1
DA:20,3
DA:35,4
DA:36,12
DA:37,4
DA:39,4
DA:40,0
DA:41,0
DA:42,0
DA:46,4
DA:47,6
DA:48,2
DA:50,2
DA:53,4
DA:58,2
DA:59,2
DA:60,4
DA:61,2
DA:62,3
DA:66,6
LF:30
LH:27
end_of_record
SF:lib\src\system\shared_values.dart
DA:9,19
DA:13,0
DA:15,0
DA:17,0
DA:19,0
DA:24,19
DA:32,4
DA:34,4
DA:36,3
DA:38,3
DA:40,3
DA:46,19
DA:50,10
DA:52,10
DA:54,10
DA:56,9
DA:64,33
DA:65,24
DA:66,9
DA:71,4
DA:72,8
DA:73,6
DA:74,12
DA:75,9
LF:24
LH:20
end_of_record
SF:lib\src\widgets\grid_factory.dart
DA:7,5
DA:12,5
DA:15,5
DA:17,10
DA:18,5
DA:19,10
DA:24,3
DA:29,3
DA:32,3
DA:34,6
DA:35,3
DA:36,6
DA:41,6
DA:46,6
DA:49,6
DA:52,12
DA:53,6
DA:54,12
DA:59,6
DA:64,6
DA:67,6
DA:70,12
DA:71,6
DA:72,12
DA:77,2
LF:25
LH:25
end_of_record
SF:lib\src\widgets\textfield_factory.dart
DA:8,0
DA:10,0
DA:12,0
DA:13,0
DA:17,3
DA:20,3
DA:22,3
DA:23,3
DA:27,3
DA:29,3
DA:30,3
DA:38,3
DA:41,3
DA:43,3
DA:44,3
DA:47,3
DA:51,3
DA:52,3
LF:18
LH:14
end_of_record
SF:lib\src\widgets\time_picker_factory.dart
DA:7,2
DA:8,2
DA:9,2
DA:17,2
DA:19,2
DA:24,0
DA:25,0
LF:7
LH:5
end_of_record
SF:lib\src\pages\homescreen\home_screen_page.dart
DA:27,20
DA:29,5
DA:30,5
DA:37,3
DA:38,8
DA:39,4
DA:43,1
DA:44,2
DA:45,2
DA:48,0
DA:49,0
DA:50,0
DA:53,5
DA:54,10
DA:56,10
DA:57,15
DA:60,10
DA:64,5
DA:66,5
DA:67,5
DA:68,10
DA:69,15
DA:72,5
DA:74,10
DA:75,5
DA:78,5
DA:80,11
DA:81,5
DA:83,5
DA:85,5
DA:87,5
DA:88,5
DA:89,5
DA:90,2
DA:91,2
DA:94,5
DA:95,1
DA:96,1
DA:100,5
DA:101,5
DA:103,5
LF:41
LH:38
end_of_record
SF:lib\src\pages\homescreen\home_screen_ui_helper.dart
DA:11,2
DA:12,2
DA:13,5
DA:14,4
DA:15,2
DA:18,4
DA:22,2
DA:23,2
DA:24,5
DA:25,2
DA:26,2
DA:27,2
DA:30,4
DA:31,0
DA:32,0
DA:33,4
DA:37,4
DA:39,4
DA:40,4
DA:42,4
DA:46,2
DA:48,4
DA:49,0
DA:50,0
DA:51,4
DA:52,2
DA:53,5
DA:54,2
DA:55,2
DA:56,2
DA:60,4
DA:62,4
DA:63,4
DA:64,4
DA:68,2
DA:69,4
DA:71,2
DA:72,2
DA:73,2
DA:74,4
DA:76,2
DA:77,2
DA:78,2
DA:82,3
DA:83,2
DA:84,1
DA:87,4
DA:88,4
DA:91,2
DA:93,2
DA:98,2
DA:99,2
DA:100,8
DA:101,4
DA:104,5
DA:106,11
DA:108,5
DA:110,5
DA:111,5
DA:112,2
DA:113,2
DA:115,5
DA:116,10
DA:118,15
DA:123,5
DA:124,5
DA:125,5
DA:126,5
DA:127,5
DA:130,5
DA:131,5
DA:132,1
DA:133,1
DA:137,5
DA:138,2
DA:139,2
DA:143,5
DA:144,1
DA:145,1
DA:148,10
DA:153,15
LF:81
LH:77
end_of_record
SF:lib\src\pages\homescreen\list_view_widget.dart
DA:11,12
DA:13,6
DA:14,6
DA:20,6
DA:22,6
DA:23,13
DA:24,2
DA:25,2
DA:28,12
DA:29,6
DA:31,6
DA:33,12
DA:34,12
DA:38,0
DA:39,0
DA:41,0
DA:45,1
DA:48,1
DA:49,0
DA:50,0
DA:51,1
DA:52,0
DA:53,0
DA:54,1
DA:56,0
DA:58,1
DA:61,1
DA:62,1
DA:63,0
DA:64,0
DA:66,1
DA:77,1
DA:80,3
DA:81,2
DA:87,2
DA:91,1
DA:93,1
DA:96,2
DA:100,2
DA:106,2
DA:112,2
DA:117,1
DA:118,1
DA:119,1
DA:120,1
DA:121,1
DA:122,1
DA:123,1
DA:124,1
DA:125,1
DA:126,1
DA:128,1
LF:52
LH:42
end_of_record
SF:lib\src\pages\homescreen\map_view_widget.dart
DA:15,2
DA:17,1
DA:18,1
DA:25,1
DA:27,1
DA:30,1
DA:31,3
DA:33,3
DA:50,1
DA:52,1
DA:53,1
DA:56,2
DA:57,0
DA:58,0
DA:59,0
DA:60,0
DA:61,0
DA:62,0
DA:68,1
DA:70,1
DA:71,1
DA:74,1
DA:75,1
DA:76,1
DA:78,1
DA:83,1
DA:84,1
DA:92,2
DA:93,1
DA:97,2
DA:100,0
DA:101,0
DA:102,0
DA:103,0
DA:104,0
DA:105,0
DA:107,0
DA:108,0
DA:110,0
DA:111,0
DA:112,0
DA:115,0
DA:116,0
DA:121,0
DA:122,0
DA:123,0
DA:132,0
DA:135,0
DA:136,0
DA:137,0
LF:50
LH:24
end_of_record
SF:lib\src\system\session_manager\search_filter.dart
DA:10,18
DA:18,5
DA:19,5
DA:20,5
DA:21,5
DA:24,1
DA:25,1
DA:26,1
DA:27,1
DA:28,1
DA:29,0
DA:30,0
DA:33,1
DA:34,0
DA:36,1
DA:39,1
DA:44,0
DA:46,0
DA:47,0
DA:49,0
DA:50,0
LF:21
LH:13
end_of_record
SF:lib\src\pages\login\register_page.dart
DA:13,12
DA:16,3
DA:17,3
DA:35,1
DA:36,1
DA:37,8
DA:38,3
DA:39,3
DA:40,6
DA:43,3
DA:45,1
DA:46,3
DA:47,3
DA:48,3
DA:51,1
DA:52,8
DA:53,2
DA:60,3
DA:65,0
DA:66,0
DA:69,0
DA:71,0
DA:73,0
DA:76,0
DA:78,0
DA:79,0
DA:80,0
DA:83,0
DA:88,0
DA:91,0
DA:97,0
DA:98,0
DA:99,0
DA:106,1
DA:107,2
DA:108,8
DA:109,0
DA:112,0
DA:118,3
DA:120,9
DA:121,6
DA:122,9
DA:128,8
DA:129,6
DA:134,10
DA:135,6
DA:140,14
DA:141,6
DA:145,1
DA:150,3
DA:151,3
DA:152,3
DA:153,3
DA:156,2
DA:164,10
DA:166,10
DA:168,10
DA:170,10
DA:172,10
DA:174,18
DA:175,2
DA:180,12
DA:183,4
DA:184,2
DA:185,1
DA:186,2
DA:187,1
DA:188,2
DA:193,1
DA:194,1
DA:195,1
DA:196,2
LF:72
LH:55
end_of_record
SF:lib\src\system\email_auth.dart
DA:7,0
DA:9,1
DA:10,2
DA:13,1
DA:14,4
DA:15,0
DA:18,0
DA:19,0
LF:8
LH:4
end_of_record
SF:lib\src\pages\profile_page\profile_page.dart
DA:17,20
DA:19,3
DA:20,3
DA:29,3
DA:32,3
DA:34,3
DA:35,1
DA:36,1
DA:37,2
DA:38,2
DA:40,5
DA:42,3
DA:44,3
DA:46,6
DA:48,9
DA:49,3
DA:50,3
LF:17
LH:17
end_of_record
SF:lib\src\pages\profile_page\profile_ui_helper.dart
DA:10,1
DA:11,5
DA:12,2
DA:15,1
DA:16,6
DA:19,1
DA:20,3
DA:23,3
DA:26,6
DA:29,2
DA:34,1
DA:35,1
DA:37,3
DA:39,1
DA:41,2
DA:44,1
DA:46,3
DA:48,1
DA:54,1
DA:55,1
DA:56,1
DA:62,2
DA:63,2
DA:64,6
DA:66,4
DA:68,6
DA:72,2
DA:75,1
DA:78,2
DA:79,3
DA:80,3
DA:82,6
DA:86,2
DA:87,2
DA:89,3
DA:91,2
DA:93,4
DA:96,2
DA:99,2
DA:105,2
DA:106,2
DA:107,2
DA:113,3
DA:114,6
DA:115,12
DA:116,12
DA:117,2
DA:120,12
DA:121,4
DA:125,3
DA:129,3
LF:51
LH:51
end_of_record
SF:lib\src\pages\session_history\session_history_page.dart
DA:21,20
DA:23,2
DA:24,2
DA:31,1
DA:32,2
DA:34,3
DA:35,2
DA:37,1
DA:38,2
DA:39,2
DA:43,2
DA:46,1
DA:47,2
DA:49,2
DA:53,2
DA:55,2
DA:57,2
DA:59,4
DA:61,6
DA:63,2
LF:20
LH:20
end_of_record
SF:lib\src\pages\session_history\session_history_ui_helper.dart
DA:4,1
DA:5,1
DA:7,1
DA:8,1
DA:9,2
DA:14,3
DA:15,1
DA:16,3
DA:17,2
DA:18,3
DA:19,1
DA:20,1
DA:21,3
DA:24,1
DA:27,1
DA:28,1
DA:31,3
DA:37,2
DA:42,1
DA:43,1
DA:44,1
DA:46,1
DA:47,1
DA:49,1
DA:54,2
DA:55,4
DA:56,2
DA:57,3
DA:58,4
DA:59,2
DA:60,2
DA:63,4
DA:66,2
DA:67,2
LF:34
LH:34
end_of_record
SF:lib\src\system\group_manager\group.dart
DA:10,4
DA:12,12
DA:14,3
DA:16,6
DA:18,3
DA:20,9
LF:6
LH:6
end_of_record
